

HI-TECH Software PIC LITE Macro Assembler V9.80 build 6738 
                                                                                               Tue Dec 09 19:40:53 2025

HI-TECH Software Omniscient Code Generator (Lite mode) build 6738
     1  0000                     opt subtitle "HI-TECH Software Omniscient Code Generator (Lite mode) build 6738"
     2                           
     3                           opt pagewidth 120
     4                           
     5                           	opt lm
     6                           
     7                           	processor	16F877A
     8                           clrc	macro
     9                           	bcf	3,0
    10  0000                     	endm
    11                           clrz	macro
    12                           	bcf	3,2
    13  0000                     	endm
    14                           setc	macro
    15                           	bsf	3,0
    16  0000                     	endm
    17                           setz	macro
    18                           	bsf	3,2
    19  0000                     	endm
    20                           skipc	macro
    21                           	btfss	3,0
    22  0000                     	endm
    23                           skipz	macro
    24                           	btfss	3,2
    25  0000                     	endm
    26                           skipnc	macro
    27                           	btfsc	3,0
    28  0000                     	endm
    29                           skipnz	macro
    30                           	btfsc	3,2
    31  0000                     	endm
    32  0000                     indf	equ	0
    33  0000                     indf0	equ	0
    34  0002                     pc	equ	2
    35  0002                     pcl	equ	2
    36  0003                     status	equ	3
    37  0004                     fsr	equ	4
    38  0004                     fsr0	equ	4
    39  0001                     c	equ	1
    40  0000                     z	equ	0
    41  000A                     pclath	equ	10
    42                           	FNCALL	_main,_delay
    43                           	FNROOT	_main
    44                           	global	_PORTB
    45                           psect	maintext,global,class=CODE,delta=2
    46                           global __pmaintext
    47  07CD                     __pmaintext:
    48  0006                     _PORTB	set	6
    49                           	global	_TRISB
    50  0086                     _TRISB	set	134
    51                           	file	"8led.c.as"
    52                           	line	#
    53                           psect cinit,class=CODE,delta=2
    54                           global start_initialization
    55  07A9                     start_initialization:
    56                           
    57                           psect cinit,class=CODE,delta=2
    58                           global end_of_initialization
    59                           
    60                           ;End of C runtime variable initialization code
    61                           
    62  07A9                     end_of_initialization:
    63  07A9  0183               clrf status
    64  07AA  120A  118A  2FCD   ljmp _main	;jump to C main() function
    65                           psect	cstackCOMMON,class=COMMON,space=1
    66                           global __pcstackCOMMON
    67  0070                     __pcstackCOMMON:
    68                           	global	?_delay
    69  0070                     ?_delay:	; 0 bytes @ 0x0
    70                           	global	??_delay
    71  0070                     ??_delay:	; 0 bytes @ 0x0
    72                           	global	?_main
    73  0070                     ?_main:	; 0 bytes @ 0x0
    74                           	global	delay@i
    75  0070                     delay@i:	; 2 bytes @ 0x0
    76  0070                     	ds	2
    77                           	global	??_main
    78  0072                     ??_main:	; 0 bytes @ 0x2
    79  0072                     	ds	1
    80                           	global	main@i
    81  0073                     main@i:	; 2 bytes @ 0x3
    82  0073                     	ds	2
    83 ;;Data sizes: Strings 0, constant 0, data 0, bss 0, persistent 0 stack 0
    84 ;;Auto spaces:   Size  Autos    Used
    85 ;; COMMON          14      5       5
    86 ;; BANK0           80      0       0
    87 ;; BANK1           80      0       0
    88 ;; BANK3           96      0       0
    89 ;; BANK2           96      0       0
    90                           
    91 ;;
    92 ;; Pointer list with targets:
    93                           
    94                           
    95                           
    96 ;;
    97 ;; Critical Paths under _main in COMMON
    98 ;;
    99 ;;   _main->_delay
   100 ;;
   101 ;; Critical Paths under _main in BANK0
   102 ;;
   103 ;;   None.
   104 ;;
   105 ;; Critical Paths under _main in BANK1
   106 ;;
   107 ;;   None.
   108 ;;
   109 ;; Critical Paths under _main in BANK3
   110 ;;
   111 ;;   None.
   112 ;;
   113 ;; Critical Paths under _main in BANK2
   114 ;;
   115 ;;   None.
   116                           
   117 ;;
   118 ;;Main: autosize = 0, tempsize = 1, incstack = 0, save=0
   119 ;;
   120                           
   121 ;;
   122 ;;Call Graph Tables:
   123 ;;
   124 ;; ---------------------------------------------------------------------------------
   125 ;; (Depth) Function   	        Calls       Base Space   Used Autos Params    Refs
   126 ;; ---------------------------------------------------------------------------------
   127 ;; (0) _main                                                 3     3      0      75
   128 ;;                                              2 COMMON     3     3      0
   129 ;;                              _delay
   130 ;; ---------------------------------------------------------------------------------
   131 ;; (1) _delay                                                2     2      0      30
   132 ;;                                              0 COMMON     2     2      0
   133 ;; ---------------------------------------------------------------------------------
   134 ;; Estimated maximum stack depth 1
   135 ;; ---------------------------------------------------------------------------------
   136                           
   137 ;; Call Graph Graphs:
   138                           
   139 ;; _main (ROOT)
   140 ;;   _delay
   141 ;;
   142                           
   143 ;; Address spaces:
   144                           
   145 ;;Name               Size   Autos  Total    Cost      Usage
   146 ;;BITCOMMON            E      0       0       0        0.0%
   147 ;;EEDATA             100      0       0       0        0.0%
   148 ;;NULL                 0      0       0       0        0.0%
   149 ;;CODE                 0      0       0       0        0.0%
   150 ;;COMMON               E      5       5       1       35.7%
   151 ;;BITSFR0              0      0       0       1        0.0%
   152 ;;SFR0                 0      0       0       1        0.0%
   153 ;;BITSFR1              0      0       0       2        0.0%
   154 ;;SFR1                 0      0       0       2        0.0%
   155 ;;STACK                0      0       1       2        0.0%
   156 ;;ABS                  0      0       0       3        0.0%
   157 ;;BITBANK0            50      0       0       4        0.0%
   158 ;;BITSFR3              0      0       0       4        0.0%
   159 ;;SFR3                 0      0       0       4        0.0%
   160 ;;BANK0               50      0       0       5        0.0%
   161 ;;BITSFR2              0      0       0       5        0.0%
   162 ;;SFR2                 0      0       0       5        0.0%
   163 ;;BITBANK1            50      0       0       6        0.0%
   164 ;;BANK1               50      0       0       7        0.0%
   165 ;;BITBANK3            60      0       0       8        0.0%
   166 ;;BANK3               60      0       0       9        0.0%
   167 ;;BITBANK2            60      0       0      10        0.0%
   168 ;;BANK2               60      0       0      11        0.0%
   169 ;;DATA                 0      0       0      12        0.0%
   170                           
   171                           	global	_main
   172                           psect	maintext
   173                           
   174 ;; *************** function _main *****************
   175 ;; Defined at:
   176 ;;		line 11 in file "C:\keerthu\Pic16f877a_Revision\led_blinking\8_led\8led.c"
   177 ;; Parameters:    Size  Location     Type
   178 ;;		None
   179 ;; Auto vars:     Size  Location     Type
   180 ;;  i               2    3[COMMON] int 
   181 ;; Return value:  Size  Location     Type
   182 ;;		None               void
   183 ;; Registers used:
   184 ;;		wreg, status,2, status,0, pclath, cstack
   185 ;; Tracked objects:
   186 ;;		On entry : 17F/0
   187 ;;		On exit  : 0/0
   188 ;;		Unchanged: 0/0
   189 ;; Data sizes:     COMMON   BANK0   BANK1   BANK3   BANK2
   190 ;;      Params:         0       0       0       0       0
   191 ;;      Locals:         2       0       0       0       0
   192 ;;      Temps:          1       0       0       0       0
   193 ;;      Totals:         3       0       0       0       0
   194 ;;Total ram usage:        3 bytes
   195 ;; Hardware stack levels required when called:    1
   196 ;; This function calls:
   197 ;;		_delay
   198 ;; This function is called by:
   199 ;;		Startup code after reset
   200 ;; This function uses a non-reentrant model
   201 ;;
   202                           psect	maintext
   203                           	file	"C:\keerthu\Pic16f877a_Revision\led_blinking\8_led\8led.c"
   204                           	line	11
   205                           	global	__size_of_main
   206  0033                     	__size_of_main	equ	__end_of_main-_main
   207                           	
   208  07CD                     _main:	
   209                           	opt	stack 7
   210                           ; Regs used in _main: [wreg+status,2+status,0+pclath+cstack]
   211                           	line	12
   212                           	
   213  07CD                     l1734:	
   214                           ;8led.c: 12: TRISB = 0x00;
   215  07CD  1683               	bsf	status, 5	;RP0=1, select bank1
   216  07CE  1303               	bcf	status, 6	;RP1=0, select bank1
   217  07CF  0186               	clrf	(134)^080h	;volatile
   218                           	line	13
   219                           ;8led.c: 13: PORTB = 0x00;
   220  07D0  1283               	bcf	status, 5	;RP0=0, select bank0
   221  07D1  1303               	bcf	status, 6	;RP1=0, select bank0
   222  07D2  0186               	clrf	(6)	;volatile
   223  07D3  2FD4               	goto	l1736
   224                           	line	15
   225                           ;8led.c: 15: while(1)
   226                           	
   227  07D4                     l564:	
   228                           	line	17
   229                           	
   230  07D4                     l1736:	
   231                           ;8led.c: 16: {
   232                           ;8led.c: 17: for(int i = 8; i >=0; i--)
   233  07D4  3008               	movlw	low(08h)
   234  07D5  00F3               	movwf	(main@i)
   235  07D6  3000               	movlw	high(08h)
   236  07D7  00F4               	movwf	((main@i))+1
   237                           	
   238  07D8                     l1738:	
   239  07D8  1FF4               	btfss	(main@i+1),7
   240  07D9  2FDB               	goto	u2161
   241  07DA  2FDC               	goto	u2160
   242  07DB                     u2161:
   243  07DB  2FDE               	goto	l1742
   244  07DC                     u2160:
   245  07DC  2FD4               	goto	l1736
   246                           	
   247  07DD                     l1740:	
   248  07DD  2FD4               	goto	l1736
   249                           	line	18
   250                           	
   251  07DE                     l565:	
   252                           	line	19
   253                           	
   254  07DE                     l1742:	
   255                           ;8led.c: 18: {
   256                           ;8led.c: 19: PORTB = (1 << i);
   257  07DE  3001               	movlw	(01h)
   258  07DF  00F2               	movwf	(??_main+0)+0
   259  07E0  0A73               	incf	(main@i),w
   260  07E1  2FE4               	goto	u2174
   261  07E2                     u2175:
   262  07E2  1003               	clrc
   263  07E3  0DF2               	rlf	(??_main+0)+0,f
   264  07E4                     u2174:
   265  07E4  3EFF               	addlw	-1
   266  07E5  1D03               	skipz
   267  07E6  2FE2               	goto	u2175
   268  07E7  0872               	movf	0+(??_main+0)+0,w
   269  07E8  1283               	bcf	status, 5	;RP0=0, select bank0
   270  07E9  1303               	bcf	status, 6	;RP1=0, select bank0
   271  07EA  0086               	movwf	(6)	;volatile
   272                           	line	20
   273                           	
   274  07EB                     l1744:	
   275                           ;8led.c: 20: delay();
   276  07EB  120A  118A  27AD   	fcall	_delay
              120A  118A         
   277                           	line	17
   278                           	
   279  07F0                     l1746:	
   280  07F0  30FF               	movlw	low(-1)
   281  07F1  07F3               	addwf	(main@i),f
   282  07F2  1803               	skipnc
   283  07F3  0AF4               	incf	(main@i+1),f
   284  07F4  30FF               	movlw	high(-1)
   285  07F5  07F4               	addwf	(main@i+1),f
   286                           	
   287  07F6                     l1748:	
   288  07F6  1FF4               	btfss	(main@i+1),7
   289  07F7  2FF9               	goto	u2181
   290  07F8  2FFA               	goto	u2180
   291  07F9                     u2181:
   292  07F9  2FDE               	goto	l1742
   293  07FA                     u2180:
   294  07FA  2FD4               	goto	l1736
   295                           	
   296  07FB                     l566:	
   297  07FB  2FD4               	goto	l1736
   298                           	line	22
   299                           	
   300  07FC                     l567:	
   301                           	line	15
   302  07FC  2FD4               	goto	l1736
   303                           	
   304  07FD                     l568:	
   305                           	line	23
   306                           	
   307  07FD                     l569:	
   308                           	global	start
   309  07FD  120A  118A  2800   	ljmp	start
   310                           	opt stack 0
   311                           GLOBAL	__end_of_main
   312  0800                     	__end_of_main:
   313 ;; =============== function _main ends ============
   314                           
   315                           	signat	_main,88
   316                           	global	_delay
   317                           psect	text55,local,class=CODE,delta=2
   318                           global __ptext55
   319  07AD                     __ptext55:
   320                           
   321 ;; *************** function _delay *****************
   322 ;; Defined at:
   323 ;;		line 5 in file "C:\keerthu\Pic16f877a_Revision\led_blinking\8_led\8led.c"
   324 ;; Parameters:    Size  Location     Type
   325 ;;		None
   326 ;; Auto vars:     Size  Location     Type
   327 ;;  i               2    0[COMMON] unsigned int 
   328 ;; Return value:  Size  Location     Type
   329 ;;		None               void
   330 ;; Registers used:
   331 ;;		wreg
   332 ;; Tracked objects:
   333 ;;		On entry : 0/0
   334 ;;		On exit  : 0/0
   335 ;;		Unchanged: 0/0
   336 ;; Data sizes:     COMMON   BANK0   BANK1   BANK3   BANK2
   337 ;;      Params:         0       0       0       0       0
   338 ;;      Locals:         2       0       0       0       0
   339 ;;      Temps:          0       0       0       0       0
   340 ;;      Totals:         2       0       0       0       0
   341 ;;Total ram usage:        2 bytes
   342 ;; Hardware stack levels used:    1
   343 ;; This function calls:
   344 ;;		Nothing
   345 ;; This function is called by:
   346 ;;		_main
   347 ;; This function uses a non-reentrant model
   348 ;;
   349                           psect	text55
   350                           	file	"C:\keerthu\Pic16f877a_Revision\led_blinking\8_led\8led.c"
   351                           	line	5
   352                           	global	__size_of_delay
   353  0020                     	__size_of_delay	equ	__end_of_delay-_delay
   354                           	
   355  07AD                     _delay:	
   356                           	opt	stack 7
   357                           ; Regs used in _delay: [wreg]
   358                           	line	7
   359                           	
   360  07AD                     l942:	
   361                           ;8led.c: 6: unsigned int i;
   362                           ;8led.c: 7: for(i=0; i<50000; i++);
   363  07AD  3000               	movlw	low(0)
   364  07AE  00F0               	movwf	(delay@i)
   365  07AF  3000               	movlw	high(0)
   366  07B0  00F1               	movwf	((delay@i))+1
   367  07B1  30C3               	movlw	high(0C350h)
   368  07B2  0271               	subwf	(delay@i+1),w
   369  07B3  3050               	movlw	low(0C350h)
   370  07B4  1903               	skipnz
   371  07B5  0270               	subwf	(delay@i),w
   372  07B6  1C03               	skipc
   373  07B7  2FB9               	goto	u11
   374  07B8  2FBA               	goto	u10
   375  07B9                     u11:
   376  07B9  2FBC               	goto	l946
   377  07BA                     u10:
   378  07BA  2FCC               	goto	l561
   379                           	
   380  07BB                     l944:	
   381  07BB  2FCC               	goto	l561
   382                           	
   383  07BC                     l559:	
   384                           	
   385  07BC                     l946:	
   386  07BC  3001               	movlw	low(01h)
   387  07BD  07F0               	addwf	(delay@i),f
   388  07BE  1803               	skipnc
   389  07BF  0AF1               	incf	(delay@i+1),f
   390  07C0  3000               	movlw	high(01h)
   391  07C1  07F1               	addwf	(delay@i+1),f
   392  07C2  30C3               	movlw	high(0C350h)
   393  07C3  0271               	subwf	(delay@i+1),w
   394  07C4  3050               	movlw	low(0C350h)
   395  07C5  1903               	skipnz
   396  07C6  0270               	subwf	(delay@i),w
   397  07C7  1C03               	skipc
   398  07C8  2FCA               	goto	u21
   399  07C9  2FCB               	goto	u20
   400  07CA                     u21:
   401  07CA  2FBC               	goto	l946
   402  07CB                     u20:
   403  07CB  2FCC               	goto	l561
   404                           	
   405  07CC                     l560:	
   406                           	line	8
   407                           	
   408  07CC                     l561:	
   409  07CC  0008               	return
   410                           	opt stack 0
   411                           GLOBAL	__end_of_delay
   412  07CD                     	__end_of_delay:
   413 ;; =============== function _delay ends ============
   414                           
   415                           	signat	_delay,88
   416                           psect	text56,local,class=CODE,delta=2
   417                           global __ptext56
   418  0000                     __ptext56:
   419                           	global	btemp
   420  007E                     	btemp set 07Eh
   421                           
   422                           	DABS	1,126,2	;btemp
   423                           	global	wtemp0
   424  007E                     	wtemp0 set btemp


HI-TECH Software PICC Macro Assembler V9.80 build 6738 
Symbol Table                                                                                   Tue Dec 09 19:40:53 2025

                  u10 07BA                    u11 07B9                    u20 07CB                    u21 07CA  
                 l560 07CC                   l561 07CC                   l564 07D4                   l565 07DE  
                 l566 07FB                   l559 07BC                   l567 07FC                   l568 07FD  
                 l569 07FD                   l942 07AD                   l944 07BB                   l946 07BC  
                l1740 07DD                  l1742 07DE                  l1734 07CD                  l1744 07EB  
                l1736 07D4                  l1746 07F0                  l1738 07D8                  l1748 07F6  
                u2160 07DC                  u2161 07DB                  u2180 07FA                  u2181 07F9  
                u2174 07E4                  u2175 07E2                  _main 07CD                  btemp 007E  
                start 0000                 ?_main 0070                 _PORTB 0006                 _TRISB 0086  
               _delay 07AD                 main@i 0073                 status 0003                 wtemp0 007E  
        __end_of_main 0800                ??_main 0072                ?_delay 0070                delay@i 0070  
      __pcstackCOMMON 0070         __end_of_delay 07CD               ??_delay 0070            __pmaintext 07CD  
end_of_initialization 07A9   start_initialization 07A9        __size_of_delay 0020              __ptext55 07AD  
            __ptext56 0000         __size_of_main 0033  
