

HI-TECH Software PIC LITE Macro Assembler V9.80 build 6738 
                                                                                               Tue Dec 09 20:48:40 2025

HI-TECH Software Omniscient Code Generator (Lite mode) build 6738
     1  0000                     opt subtitle "HI-TECH Software Omniscient Code Generator (Lite mode) build 6738"
     2                           
     3                           opt pagewidth 120
     4                           
     5                           	opt lm
     6                           
     7                           	processor	16F877A
     8                           clrc	macro
     9                           	bcf	3,0
    10  0000                     	endm
    11                           clrz	macro
    12                           	bcf	3,2
    13  0000                     	endm
    14                           setc	macro
    15                           	bsf	3,0
    16  0000                     	endm
    17                           setz	macro
    18                           	bsf	3,2
    19  0000                     	endm
    20                           skipc	macro
    21                           	btfss	3,0
    22  0000                     	endm
    23                           skipz	macro
    24                           	btfss	3,2
    25  0000                     	endm
    26                           skipnc	macro
    27                           	btfsc	3,0
    28  0000                     	endm
    29                           skipnz	macro
    30                           	btfsc	3,2
    31  0000                     	endm
    32  0000                     indf	equ	0
    33  0000                     indf0	equ	0
    34  0002                     pc	equ	2
    35  0002                     pcl	equ	2
    36  0003                     status	equ	3
    37  0004                     fsr	equ	4
    38  0004                     fsr0	equ	4
    39  0001                     c	equ	1
    40  0000                     z	equ	0
    41  000A                     pclath	equ	10
    42                           	FNCALL	_main,_delay
    43                           	FNROOT	_main
    44                           	global	_seg_hex
    45                           psect	idataBANK0,class=CODE,space=0,delta=2
    46                           global __pidataBANK0
    47  073A                     __pidataBANK0:
    48                           	file	"C:\keerthu\Pic16f877a_Revision\segment_display\single_segment\single.c"
    49                           	line	8
    50                           
    51                           ;initializer for _seg_hex
    52  073A  343F               	retlw	03Fh
    53  073B  3406               	retlw	06h
    54  073C  345B               	retlw	05Bh
    55  073D  344F               	retlw	04Fh
    56  073E  3466               	retlw	066h
    57  073F  346D               	retlw	06Dh
    58  0740  347D               	retlw	07Dh
    59  0741  3407               	retlw	07h
    60  0742  347F               	retlw	07Fh
    61  0743  346F               	retlw	06Fh
    62                           	global	_PORTB
    63  0006                     _PORTB	set	6
    64                           	global	_TRISB
    65  0086                     _TRISB	set	134
    66                           	file	"single_segment.as"
    67                           	line	#
    68                           psect cinit,class=CODE,delta=2
    69                           global start_initialization
    70  0755                     start_initialization:
    71                           
    72                           psect	dataBANK0,class=BANK0,space=1
    73                           global __pdataBANK0
    74  0020                     __pdataBANK0:
    75                           	file	"C:\keerthu\Pic16f877a_Revision\segment_display\single_segment\single.c"
    76  0020                     _seg_hex:
    77  0020                            ds      10
    78                           
    79                           global btemp
    80                           psect inittext,class=CODE,delta=2
    81                           global init_fetch,btemp
    82                           ;	Called with low address in FSR and high address in W
    83  0744                     init_fetch:
    84  0744  087E               	movf btemp,w
    85  0745  008A               	movwf pclath
    86  0746  087F               	movf btemp+1,w
    87  0747  0082               	movwf pc
    88                           global init_ram
    89                           ;Called with:
    90                           ;	high address of idata address in btemp 
    91                           ;	low address of idata address in btemp+1 
    92                           ;	low address of data in FSR
    93                           ;	high address + 1 of data in btemp-1
    94  0748                     init_ram:
    95  0748  2744  120A  118A   	fcall init_fetch
    96  074B  0080               	movwf indf,f
    97  074C  0A84               	incf fsr,f
    98  074D  0804               	movf fsr,w
    99  074E  067D               	xorwf btemp-1,w
   100  074F  1903               	btfsc status,2
   101  0750  3400               	retlw 0
   102  0751  0AFF               	incf btemp+1,f
   103  0752  1903               	btfsc status,2
   104  0753  0AFE               	incf btemp,f
   105  0754  2F48               	goto init_ram
   106                           ; Initialize objects allocated to BANK0
   107                           psect cinit,class=CODE,delta=2
   108                           global init_ram, __pidataBANK0
   109  0755  1383               	bcf	status, 7	;select IRP bank0
   110  0756  302A               	movlw low(__pdataBANK0+10)
   111  0757  00FD               	movwf btemp-1,f
   112  0758  3007               	movlw high(__pidataBANK0)
   113  0759  00FE               	movwf btemp,f
   114  075A  303A               	movlw low(__pidataBANK0)
   115  075B  00FF               	movwf btemp+1,f
   116  075C  3020               	movlw low(__pdataBANK0)
   117  075D  0084               	movwf fsr,f
   118  075E  120A  118A  2748   	fcall init_ram
              120A  118A         
   119                           psect cinit,class=CODE,delta=2
   120                           global end_of_initialization
   121                           
   122                           ;End of C runtime variable initialization code
   123                           
   124  0763                     end_of_initialization:
   125  0763  0183               clrf status
   126  0764  120A  118A  2F8F   ljmp _main	;jump to C main() function
   127                           psect	cstackCOMMON,class=COMMON,space=1
   128                           global __pcstackCOMMON
   129  0070                     __pcstackCOMMON:
   130                           	global	?_delay
   131  0070                     ?_delay:	; 0 bytes @ 0x0
   132                           	global	??_delay
   133  0070                     ??_delay:	; 0 bytes @ 0x0
   134                           	global	?_main
   135  0070                     ?_main:	; 0 bytes @ 0x0
   136                           	global	delay@i
   137  0070                     delay@i:	; 2 bytes @ 0x0
   138  0070                     	ds	2
   139                           	global	??_main
   140  0072                     ??_main:	; 0 bytes @ 0x2
   141                           	global	main@i
   142  0072                     main@i:	; 2 bytes @ 0x2
   143  0072                     	ds	2
   144                           	global	main@i_302
   145  0074                     main@i_302:	; 2 bytes @ 0x4
   146  0074                     	ds	2
   147 ;;Data sizes: Strings 0, constant 0, data 10, bss 0, persistent 0 stack 0
   148 ;;Auto spaces:   Size  Autos    Used
   149 ;; COMMON          14      6       6
   150 ;; BANK0           80      0      10
   151 ;; BANK1           80      0       0
   152 ;; BANK3           96      0       0
   153 ;; BANK2           96      0       0
   154                           
   155 ;;
   156 ;; Pointer list with targets:
   157                           
   158                           
   159                           
   160 ;;
   161 ;; Critical Paths under _main in COMMON
   162 ;;
   163 ;;   _main->_delay
   164 ;;
   165 ;; Critical Paths under _main in BANK0
   166 ;;
   167 ;;   None.
   168 ;;
   169 ;; Critical Paths under _main in BANK1
   170 ;;
   171 ;;   None.
   172 ;;
   173 ;; Critical Paths under _main in BANK3
   174 ;;
   175 ;;   None.
   176 ;;
   177 ;; Critical Paths under _main in BANK2
   178 ;;
   179 ;;   None.
   180                           
   181 ;;
   182 ;;Main: autosize = 0, tempsize = 0, incstack = 0, save=0
   183 ;;
   184                           
   185 ;;
   186 ;;Call Graph Tables:
   187 ;;
   188 ;; ---------------------------------------------------------------------------------
   189 ;; (Depth) Function   	        Calls       Base Space   Used Autos Params    Refs
   190 ;; ---------------------------------------------------------------------------------
   191 ;; (0) _main                                                 4     4      0     182
   192 ;;                                              2 COMMON     4     4      0
   193 ;;                              _delay
   194 ;; ---------------------------------------------------------------------------------
   195 ;; (1) _delay                                                2     2      0      46
   196 ;;                                              0 COMMON     2     2      0
   197 ;; ---------------------------------------------------------------------------------
   198 ;; Estimated maximum stack depth 1
   199 ;; ---------------------------------------------------------------------------------
   200                           
   201 ;; Call Graph Graphs:
   202                           
   203 ;; _main (ROOT)
   204 ;;   _delay
   205 ;;
   206                           
   207 ;; Address spaces:
   208                           
   209 ;;Name               Size   Autos  Total    Cost      Usage
   210 ;;BANK3               60      0       0       9        0.0%
   211 ;;BITBANK3            60      0       0       8        0.0%
   212 ;;SFR3                 0      0       0       4        0.0%
   213 ;;BITSFR3              0      0       0       4        0.0%
   214 ;;BANK2               60      0       0      11        0.0%
   215 ;;BITBANK2            60      0       0      10        0.0%
   216 ;;SFR2                 0      0       0       5        0.0%
   217 ;;BITSFR2              0      0       0       5        0.0%
   218 ;;SFR1                 0      0       0       2        0.0%
   219 ;;BITSFR1              0      0       0       2        0.0%
   220 ;;BANK1               50      0       0       7        0.0%
   221 ;;BITBANK1            50      0       0       6        0.0%
   222 ;;CODE                 0      0       0       0        0.0%
   223 ;;DATA                 0      0      11      12        0.0%
   224 ;;ABS                  0      0      10       3        0.0%
   225 ;;NULL                 0      0       0       0        0.0%
   226 ;;STACK                0      0       1       2        0.0%
   227 ;;BANK0               50      0       A       5       12.5%
   228 ;;BITBANK0            50      0       0       4        0.0%
   229 ;;SFR0                 0      0       0       1        0.0%
   230 ;;BITSFR0              0      0       0       1        0.0%
   231 ;;COMMON               E      6       6       1       42.9%
   232 ;;BITCOMMON            E      0       0       0        0.0%
   233 ;;EEDATA             100      0       0       0        0.0%
   234                           
   235                           	global	_main
   236                           psect	maintext,global,class=CODE,delta=2
   237                           global __pmaintext
   238  078F                     __pmaintext:
   239                           
   240 ;; *************** function _main *****************
   241 ;; Defined at:
   242 ;;		line 11 in file "C:\keerthu\Pic16f877a_Revision\segment_display\single_segment\single.c"
   243 ;; Parameters:    Size  Location     Type
   244 ;;		None
   245 ;; Auto vars:     Size  Location     Type
   246 ;;  i               2    4[COMMON] int 
   247 ;;  i               2    2[COMMON] int 
   248 ;; Return value:  Size  Location     Type
   249 ;;		None               void
   250 ;; Registers used:
   251 ;;		wreg, fsr0l, fsr0h, status,2, status,0, btemp+1, pclath, cstack
   252 ;; Tracked objects:
   253 ;;		On entry : 17F/0
   254 ;;		On exit  : 0/0
   255 ;;		Unchanged: 0/0
   256 ;; Data sizes:     COMMON   BANK0   BANK1   BANK3   BANK2
   257 ;;      Params:         0       0       0       0       0
   258 ;;      Locals:         4       0       0       0       0
   259 ;;      Temps:          0       0       0       0       0
   260 ;;      Totals:         4       0       0       0       0
   261 ;;Total ram usage:        4 bytes
   262 ;; Hardware stack levels required when called:    1
   263 ;; This function calls:
   264 ;;		_delay
   265 ;; This function is called by:
   266 ;;		Startup code after reset
   267 ;; This function uses a non-reentrant model
   268 ;;
   269                           psect	maintext
   270                           	file	"C:\keerthu\Pic16f877a_Revision\segment_display\single_segment\single.c"
   271                           	line	11
   272                           	global	__size_of_main
   273  0071                     	__size_of_main	equ	__end_of_main-_main
   274                           	
   275  078F                     _main:	
   276                           	opt	stack 7
   277                           ; Regs used in _main: [wreg-fsr0h+status,2+status,0+btemp+1+pclath+cstack]
   278                           	line	12
   279                           	
   280  078F                     l1778:	
   281                           ;single.c: 12: TRISB = 0x00;
   282  078F  1683               	bsf	status, 5	;RP0=1, select bank1
   283  0790  1303               	bcf	status, 6	;RP1=0, select bank1
   284  0791  0186               	clrf	(134)^080h	;volatile
   285  0792  2F93               	goto	l1780
   286                           	line	14
   287                           ;single.c: 14: while(1)
   288                           	
   289  0793                     l566:	
   290                           	line	16
   291                           	
   292  0793                     l1780:	
   293                           ;single.c: 15: {
   294                           ;single.c: 16: for(int i=10; i>0; i--)
   295  0793  300A               	movlw	low(0Ah)
   296  0794  00F2               	movwf	(main@i)
   297  0795  3000               	movlw	high(0Ah)
   298  0796  00F3               	movwf	((main@i))+1
   299                           	
   300  0797                     l1782:	
   301  0797  0873               	movf	(main@i+1),w
   302  0798  3A80               	xorlw	80h
   303  0799  00FF               	movwf	btemp+1
   304  079A  3080               	movlw	(high(01h))^80h
   305  079B  027F               	subwf	btemp+1,w
   306  079C  1D03               	skipz
   307  079D  2FA0               	goto	u2225
   308  079E  3001               	movlw	low(01h)
   309  079F  0272               	subwf	(main@i),w
   310  07A0                     u2225:
   311                           
   312  07A0  1803               	skipnc
   313  07A1  2FA3               	goto	u2221
   314  07A2  2FA4               	goto	u2220
   315  07A3                     u2221:
   316  07A3  2FA6               	goto	l1786
   317  07A4                     u2220:
   318  07A4  2FC7               	goto	l1794
   319                           	
   320  07A5                     l1784:	
   321  07A5  2FC7               	goto	l1794
   322                           	line	17
   323                           	
   324  07A6                     l567:	
   325                           	line	18
   326                           	
   327  07A6                     l1786:	
   328                           ;single.c: 17: {
   329                           ;single.c: 18: PORTB = seg_hex[i];
   330  07A6  0872               	movf	(main@i),w
   331  07A7  3E20               	addlw	_seg_hex&0ffh
   332  07A8  0084               	movwf	fsr0
   333  07A9  1383               	bcf	status, 7	;select IRP bank0
   334  07AA  0800               	movf	indf,w
   335  07AB  1283               	bcf	status, 5	;RP0=0, select bank0
   336  07AC  1303               	bcf	status, 6	;RP1=0, select bank0
   337  07AD  0086               	movwf	(6)	;volatile
   338                           	line	19
   339                           	
   340  07AE                     l1788:	
   341                           ;single.c: 19: delay();
   342  07AE  120A  118A  2767   	fcall	_delay
              120A  118A         
   343                           	line	16
   344                           	
   345  07B3                     l1790:	
   346  07B3  30FF               	movlw	low(-1)
   347  07B4  07F2               	addwf	(main@i),f
   348  07B5  1803               	skipnc
   349  07B6  0AF3               	incf	(main@i+1),f
   350  07B7  30FF               	movlw	high(-1)
   351  07B8  07F3               	addwf	(main@i+1),f
   352                           	
   353  07B9                     l1792:	
   354  07B9  0873               	movf	(main@i+1),w
   355  07BA  3A80               	xorlw	80h
   356  07BB  00FF               	movwf	btemp+1
   357  07BC  3080               	movlw	(high(01h))^80h
   358  07BD  027F               	subwf	btemp+1,w
   359  07BE  1D03               	skipz
   360  07BF  2FC2               	goto	u2235
   361  07C0  3001               	movlw	low(01h)
   362  07C1  0272               	subwf	(main@i),w
   363  07C2                     u2235:
   364                           
   365  07C2  1803               	skipnc
   366  07C3  2FC5               	goto	u2231
   367  07C4  2FC6               	goto	u2230
   368  07C5                     u2231:
   369  07C5  2FA6               	goto	l1786
   370  07C6                     u2230:
   371  07C6  2FC7               	goto	l1794
   372                           	
   373  07C7                     l568:	
   374                           	line	21
   375                           	
   376  07C7                     l1794:	
   377                           ;single.c: 20: }
   378                           ;single.c: 21: for(int i=0; i<10; i++)
   379  07C7  3000               	movlw	low(0)
   380  07C8  00F4               	movwf	(main@i_302)
   381  07C9  3000               	movlw	high(0)
   382  07CA  00F5               	movwf	((main@i_302))+1
   383                           	
   384  07CB                     l1796:	
   385  07CB  0875               	movf	(main@i_302+1),w
   386  07CC  3A80               	xorlw	80h
   387  07CD  00FF               	movwf	btemp+1
   388  07CE  3080               	movlw	(high(0Ah))^80h
   389  07CF  027F               	subwf	btemp+1,w
   390  07D0  1D03               	skipz
   391  07D1  2FD4               	goto	u2245
   392  07D2  300A               	movlw	low(0Ah)
   393  07D3  0274               	subwf	(main@i_302),w
   394  07D4                     u2245:
   395                           
   396  07D4  1C03               	skipc
   397  07D5  2FD7               	goto	u2241
   398  07D6  2FD8               	goto	u2240
   399  07D7                     u2241:
   400  07D7  2FDA               	goto	l1800
   401  07D8                     u2240:
   402  07D8  2F93               	goto	l1780
   403                           	
   404  07D9                     l1798:	
   405  07D9  2F93               	goto	l1780
   406                           	line	22
   407                           	
   408  07DA                     l569:	
   409                           	line	23
   410                           	
   411  07DA                     l1800:	
   412                           ;single.c: 22: {
   413                           ;single.c: 23: PORTB = seg_hex[i];
   414  07DA  0874               	movf	(main@i_302),w
   415  07DB  3E20               	addlw	_seg_hex&0ffh
   416  07DC  0084               	movwf	fsr0
   417  07DD  1383               	bcf	status, 7	;select IRP bank0
   418  07DE  0800               	movf	indf,w
   419  07DF  1283               	bcf	status, 5	;RP0=0, select bank0
   420  07E0  1303               	bcf	status, 6	;RP1=0, select bank0
   421  07E1  0086               	movwf	(6)	;volatile
   422                           	line	24
   423                           	
   424  07E2                     l1802:	
   425                           ;single.c: 24: delay();
   426  07E2  120A  118A  2767   	fcall	_delay
              120A  118A         
   427                           	line	21
   428                           	
   429  07E7                     l1804:	
   430  07E7  3001               	movlw	low(01h)
   431  07E8  07F4               	addwf	(main@i_302),f
   432  07E9  1803               	skipnc
   433  07EA  0AF5               	incf	(main@i_302+1),f
   434  07EB  3000               	movlw	high(01h)
   435  07EC  07F5               	addwf	(main@i_302+1),f
   436                           	
   437  07ED                     l1806:	
   438  07ED  0875               	movf	(main@i_302+1),w
   439  07EE  3A80               	xorlw	80h
   440  07EF  00FF               	movwf	btemp+1
   441  07F0  3080               	movlw	(high(0Ah))^80h
   442  07F1  027F               	subwf	btemp+1,w
   443  07F2  1D03               	skipz
   444  07F3  2FF6               	goto	u2255
   445  07F4  300A               	movlw	low(0Ah)
   446  07F5  0274               	subwf	(main@i_302),w
   447  07F6                     u2255:
   448                           
   449  07F6  1C03               	skipc
   450  07F7  2FF9               	goto	u2251
   451  07F8  2FFA               	goto	u2250
   452  07F9                     u2251:
   453  07F9  2FDA               	goto	l1800
   454  07FA                     u2250:
   455  07FA  2F93               	goto	l1780
   456                           	
   457  07FB                     l570:	
   458  07FB  2F93               	goto	l1780
   459                           	line	26
   460                           	
   461  07FC                     l571:	
   462                           	line	14
   463  07FC  2F93               	goto	l1780
   464                           	
   465  07FD                     l572:	
   466                           	line	27
   467                           	
   468  07FD                     l573:	
   469                           	global	start
   470  07FD  120A  118A  2800   	ljmp	start
   471                           	opt stack 0
   472                           GLOBAL	__end_of_main
   473  0800                     	__end_of_main:
   474 ;; =============== function _main ends ============
   475                           
   476                           	signat	_main,88
   477                           	global	_delay
   478                           psect	text73,local,class=CODE,delta=2
   479                           global __ptext73
   480  0767                     __ptext73:
   481                           
   482 ;; *************** function _delay *****************
   483 ;; Defined at:
   484 ;;		line 4 in file "C:\keerthu\Pic16f877a_Revision\segment_display\single_segment\single.c"
   485 ;; Parameters:    Size  Location     Type
   486 ;;		None
   487 ;; Auto vars:     Size  Location     Type
   488 ;;  i               2    0[COMMON] int 
   489 ;; Return value:  Size  Location     Type
   490 ;;		None               void
   491 ;; Registers used:
   492 ;;		wreg, btemp+1
   493 ;; Tracked objects:
   494 ;;		On entry : 0/0
   495 ;;		On exit  : 0/0
   496 ;;		Unchanged: 0/0
   497 ;; Data sizes:     COMMON   BANK0   BANK1   BANK3   BANK2
   498 ;;      Params:         0       0       0       0       0
   499 ;;      Locals:         2       0       0       0       0
   500 ;;      Temps:          0       0       0       0       0
   501 ;;      Totals:         2       0       0       0       0
   502 ;;Total ram usage:        2 bytes
   503 ;; Hardware stack levels used:    1
   504 ;; This function calls:
   505 ;;		Nothing
   506 ;; This function is called by:
   507 ;;		_main
   508 ;; This function uses a non-reentrant model
   509 ;;
   510                           psect	text73
   511                           	file	"C:\keerthu\Pic16f877a_Revision\segment_display\single_segment\single.c"
   512                           	line	4
   513                           	global	__size_of_delay
   514  0028                     	__size_of_delay	equ	__end_of_delay-_delay
   515                           	
   516  0767                     _delay:	
   517                           	opt	stack 7
   518                           ; Regs used in _delay: [wreg+btemp+1]
   519                           	line	6
   520                           	
   521  0767                     l1768:	
   522                           ;single.c: 5: int i;
   523                           ;single.c: 6: for(i=0; i<30000; i++);
   524  0767  3000               	movlw	low(0)
   525  0768  00F0               	movwf	(delay@i)
   526  0769  3000               	movlw	high(0)
   527  076A  00F1               	movwf	((delay@i))+1
   528                           	
   529  076B                     l1770:	
   530  076B  0871               	movf	(delay@i+1),w
   531  076C  3A80               	xorlw	80h
   532  076D  00FF               	movwf	btemp+1
   533  076E  30F5               	movlw	(high(07530h))^80h
   534  076F  027F               	subwf	btemp+1,w
   535  0770  1D03               	skipz
   536  0771  2F74               	goto	u2205
   537  0772  3030               	movlw	low(07530h)
   538  0773  0270               	subwf	(delay@i),w
   539  0774                     u2205:
   540                           
   541  0774  1C03               	skipc
   542  0775  2F77               	goto	u2201
   543  0776  2F78               	goto	u2200
   544  0777                     u2201:
   545  0777  2F7A               	goto	l1774
   546  0778                     u2200:
   547  0778  2F8E               	goto	l563
   548                           	
   549  0779                     l1772:	
   550  0779  2F8E               	goto	l563
   551                           	
   552  077A                     l561:	
   553                           	
   554  077A                     l1774:	
   555  077A  3001               	movlw	low(01h)
   556  077B  07F0               	addwf	(delay@i),f
   557  077C  1803               	skipnc
   558  077D  0AF1               	incf	(delay@i+1),f
   559  077E  3000               	movlw	high(01h)
   560  077F  07F1               	addwf	(delay@i+1),f
   561                           	
   562  0780                     l1776:	
   563  0780  0871               	movf	(delay@i+1),w
   564  0781  3A80               	xorlw	80h
   565  0782  00FF               	movwf	btemp+1
   566  0783  30F5               	movlw	(high(07530h))^80h
   567  0784  027F               	subwf	btemp+1,w
   568  0785  1D03               	skipz
   569  0786  2F89               	goto	u2215
   570  0787  3030               	movlw	low(07530h)
   571  0788  0270               	subwf	(delay@i),w
   572  0789                     u2215:
   573                           
   574  0789  1C03               	skipc
   575  078A  2F8C               	goto	u2211
   576  078B  2F8D               	goto	u2210
   577  078C                     u2211:
   578  078C  2F7A               	goto	l1774
   579  078D                     u2210:
   580  078D  2F8E               	goto	l563
   581                           	
   582  078E                     l562:	
   583                           	line	7
   584                           	
   585  078E                     l563:	
   586  078E  0008               	return
   587                           	opt stack 0
   588                           GLOBAL	__end_of_delay
   589  078F                     	__end_of_delay:
   590 ;; =============== function _delay ends ============
   591                           
   592                           	signat	_delay,88
   593                           psect	text74,local,class=CODE,delta=2
   594                           global __ptext74
   595  0000                     __ptext74:
   596                           	global	btemp
   597  007E                     	btemp set 07Eh
   598                           
   599                           	DABS	1,126,2	;btemp
   600                           	global	wtemp0
   601  007E                     	wtemp0 set btemp


HI-TECH Software PICC Macro Assembler V9.80 build 6738 
Symbol Table                                                                                   Tue Dec 09 20:48:40 2025

                   pc 0002                    fsr 0004                   l561 077A                   l562 078E  
                 l570 07FB                   l563 078E                   l571 07FC                   l572 07FD  
                 l573 07FD                   l566 0793                   l567 07A6                   l568 07C7  
                 l569 07DA                   fsr0 0004                   indf 0000                  l1800 07DA  
                l1802 07E2                  l1804 07E7                  l1806 07ED                  l1770 076B  
                l1772 0779                  l1780 0793                  l1774 077A                  l1790 07B3  
                l1782 0797                  l1776 0780                  l1768 0767                  l1792 07B9  
                l1784 07A5                  l1794 07C7                  l1786 07A6                  l1778 078F  
                l1796 07CB                  l1788 07AE                  l1798 07D9                  u2200 0778  
                u2201 0777                  u2210 078D                  u2211 078C                  u2220 07A4  
                u2205 0774                  u2221 07A3                  u2230 07C6                  u2215 0789  
                u2231 07C5                  u2240 07D8                  u2241 07D7                  u2225 07A0  
                u2250 07FA                  u2251 07F9                  u2235 07C2                  u2245 07D4  
                u2255 07F6                  _main 078F                  btemp 007E                  start 0000  
               ?_main 0070                 _PORTB 0006                 _TRISB 0086                 _delay 0767  
               main@i 0072                 pclath 000A                 status 0003                 wtemp0 007E  
        __end_of_main 0800                ??_main 0072                ?_delay 0070                delay@i 0070  
      __pcstackCOMMON 0070          __pidataBANK0 073A         __end_of_delay 078F               ??_delay 0070  
          __pmaintext 078F               _seg_hex 0020  end_of_initialization 0763               init_ram 0748  
 start_initialization 0755           __pdataBANK0 0020        __size_of_delay 0028             main@i_302 0074  
           init_fetch 0744              __ptext73 0767              __ptext74 0000         __size_of_main 0071  
